<?xml version="1.0" encoding="UTF-8"?>
<testng-results skipped="0" failed="0" total="2" passed="2">
  <reporter-output>
  </reporter-output>
  <suite name="Default suite" duration-ms="34325" started-at="2019-02-25T19:31:15Z" finished-at="2019-02-25T19:31:50Z">
    <groups>
    </groups>
    <test name="Default test" duration-ms="34325" started-at="2019-02-25T19:31:15Z" finished-at="2019-02-25T19:31:50Z">
      <class name="test.Md1TestSuite">
        <test-method status="PASS" signature="setUp()[pri:0, instance:test.Md1TestSuite@4590c9c3]" name="setUp" is-config="true" duration-ms="2220" started-at="2019-02-25T14:31:15Z" finished-at="2019-02-25T14:31:17Z">
          <reporter-output>
          </reporter-output>
        </test-method> <!-- setUp -->
        <test-method status="PASS" signature="cashDeposit()[pri:0, instance:test.Md1TestSuite@4590c9c3]" name="cashDeposit" duration-ms="15784" started-at="2019-02-25T14:31:17Z" finished-at="2019-02-25T14:31:33Z">
          <reporter-output>
          </reporter-output>
        </test-method> <!-- cashDeposit -->
        <test-method status="PASS" signature="cashWithdraw()[pri:0, instance:test.Md1TestSuite@4590c9c3]" name="cashWithdraw" duration-ms="15759" started-at="2019-02-25T14:31:33Z" finished-at="2019-02-25T14:31:49Z">
          <reporter-output>
          </reporter-output>
        </test-method> <!-- cashWithdraw -->
        <test-method status="PASS" signature="tearDown()[pri:0, instance:test.Md1TestSuite@4590c9c3]" name="tearDown" is-config="true" duration-ms="535" started-at="2019-02-25T14:31:49Z" finished-at="2019-02-25T14:31:50Z">
          <reporter-output>
          </reporter-output>
        </test-method> <!-- tearDown -->
      </class> <!-- test.Md1TestSuite -->
    </test> <!-- Default test -->
  </suite> <!-- Default suite -->
</testng-results>
